<?xml version="1.0" encoding="UTF-8"?>
<!-- Generated by org.testng.reporters.JUnitReportReporter -->
<testsuite hostname="Shahin-PC" name="crossBrowser.VeryfyTitle" tests="2" failures="0" timestamp="16 Nov 2019 23:26:34 GMT" time="70.156" errors="0">
  <testcase name="verifyPageTitle" time="24.939" classname="crossBrowser.VeryfyTitle"/>
  <testcase name="verifyPageTitle" time="45.217" classname="crossBrowser.VeryfyTitle"/>
</testsuite> <!-- crossBrowser.VeryfyTitle -->
